<?xml version="1.0" encoding="UTF-8"?>
<!-- Generated by org.testng.reporters.JUnitReportReporter -->
<testsuite hostname="LAPTOP-1U4C2J1L" failures="0" tests="3" name="testCases.LoginPage_Test" time="11.927" errors="0" timestamp="2024-06-14T19:48:47 IST" skipped="0">
  <testcase classname="testCases.LoginPage_Test" name="verifyOfTitleApplicationTest" time="3.437"/>
  <system-out>
    <![CDATA[Verify Successfully = Swag Labs]]>
  </system-out>
  <testcase classname="testCases.LoginPage_Test" name="verifyOfURLApplicationTest" time="3.672"/>
  <system-out>
    <![CDATA[Login Successfully = https://www.saucedemo.com/]]>
  </system-out>
  <testcase classname="testCases.LoginPage_Test" name="logintoApplicationTest" time="4.818"/>
  <system-out>
    <![CDATA[The URL OF Swag Lab = https://www.saucedemo.com/inventory.html]]>
  </system-out>
</testsuite> <!-- testCases.LoginPage_Test -->
