<?xml version="1.0" encoding="UTF-8"?>
<!-- Generated by org.testng.reporters.JUnitReportReporter -->
<testsuite hostname="LAPTOP-1U4C2J1L" failures="0" tests="10" name="testCases.CartPage_Test" time="50.086" errors="0" timestamp="2024-06-14T19:48:47 IST" skipped="0">
  <testcase classname="testCases.CartPage_Test" name="verifyLinkdinlogoTest" time="4.488"/>
  <system-out>
    <![CDATA[Linkdin logo is present =true]]>
  </system-out>
  <testcase classname="testCases.CartPage_Test" name="verifyApplogonameTest" time="4.676"/>
  <system-out>
    <![CDATA[App logo is =Swag Labs]]>
  </system-out>
  <testcase classname="testCases.CartPage_Test" name="verifyTitleOfYourCartTest" time="8.242"/>
  <system-out>
    <![CDATA[Cart Page Title is =Your Cart]]>
  </system-out>
  <testcase classname="testCases.CartPage_Test" name="DescriptionCartTest" time="4.570"/>
  <system-out>
    <![CDATA[Description Text is present =Description]]>
  </system-out>
  <testcase classname="testCases.CartPage_Test" name="ContinueShoppingCartTest" time="4.637"/>
  <system-out>
    <![CDATA[Continue Shopping step one URL =https://www.saucedemo.com/inventory.html]]>
  </system-out>
  <testcase classname="testCases.CartPage_Test" name="verifyTwitterlogoTest" time="4.778"/>
  <system-out>
    <![CDATA[Twitter logo is present = true]]>
  </system-out>
  <testcase classname="testCases.CartPage_Test" name="clickonCheckOnBtnTest" time="4.703"/>
  <system-out>
    <![CDATA[Checkout page step one URL =https://www.saucedemo.com/checkout-step-one.html]]>
  </system-out>
  <testcase classname="testCases.CartPage_Test" name="verifycartUrlTest" time="4.628"/>
  <system-out>
    <![CDATA[Cart Page Url is =https://www.saucedemo.com/cart.html]]>
  </system-out>
  <testcase classname="testCases.CartPage_Test" name="verifyFacebooklogoTest" time="4.856"/>
  <system-out>
    <![CDATA[Facebook logo is present =true]]>
  </system-out>
  <testcase classname="testCases.CartPage_Test" name="QuantityCartTest" time="4.508"/>
  <system-out>
    <![CDATA[QTY text is present =QTY]]>
  </system-out>
</testsuite> <!-- testCases.CartPage_Test -->
