<?xml version="1.0" encoding="UTF-8"?>
<!-- Generated by org.testng.reporters.JUnitReportReporter -->
<testsuite hostname="LAPTOP-1U4C2J1L" failures="0" tests="1" name="testCases.CheckOut_Complete_Test" time="6.307" errors="0" timestamp="2024-06-15T17:00:48 IST" skipped="0">
  <testcase classname="testCases.CheckOut_Complete_Test" name="ImagePonyExpress" time="6.307"/>
  <system-out>
    <![CDATA[Twitter logo is present = true]]>
  </system-out>
</testsuite> <!-- testCases.CheckOut_Complete_Test -->
